<?xml version="1.0" ?>
<testsuites name="Cycle Run Report" tests="17" failures="2" time="1222.890">
  <testsuite name="BASE-INT-2040 Integrator Download Order Inbound" tests="1" failures="0" time="2.068">
    <testcase name="BASE-INT-2040 Integrator Download Order Inbound" classname="Features.BASE-INT-2040 Integrator Download Order Inbound" time="2.068"/>
  </testsuite>
  <testsuite name="BASE-INT-2090 Integrator Download PO Inbound" tests="1" failures="0" time="1.842">
    <testcase name="BASE-INT-2090 Integrator Download PO Inbound" classname="Features.BASE-INT-2090 Integrator Download PO Inbound" time="1.842"/>
  </testsuite>
  <testsuite name="BASE-INV-0010 Terminal Inventory Adjustment Add" tests="1" failures="0" time="75.411">
    <testcase name="BASE-INV-0010 Terminal Inventory Adjustment Add" classname="Features.BASE-INV-0010 Terminal Inventory Adjustment Add" time="75.411"/>
  </testsuite>
  <testsuite name="BASE-INV-0050 Terminal Inventory Transfer Directed" tests="1" failures="0" time="87.057">
    <testcase name="BASE-INV-0050 Terminal Inventory Transfer Directed" classname="Features.BASE-INV-0050 Terminal Inventory Transfer Directed" time="87.057"/>
  </testsuite>
  <testsuite name="BASE-LDG-0020 Terminal Outbound Loading LTL Undirected" tests="1" failures="0" time="77.067">
    <testcase name="BASE-LDG-0020 Terminal Outbound Loading LTL Undirected" classname="Features.BASE-LDG-0020 Terminal Outbound Loading LTL Undirected" time="77.067"/>
  </testsuite>
  <testsuite name="BASE-PCK-0010 Terminal Outbound Carton Picking Undirected" tests="1" failures="0" time="149.627">
    <testcase name="BASE-PCK-0010 Terminal Outbound Carton Picking Undirected" classname="Features.BASE-PCK-0010 Terminal Outbound Carton Picking Undirected" time="149.627"/>
  </testsuite>
  <testsuite name="BASE-PCK-0010 Terminal Outbound Carton Picking Undirected" tests="1" failures="0" time="248.564">
    <testcase name="BASE-PCK-0010 Terminal Outbound Carton Picking Undirected" classname="Features.BASE-PCK-0010 Terminal Outbound Carton Picking Undirected" time="248.564"/>
  </testsuite>
  <testsuite name="BASE-PCK-0010 Terminal Outbound Carton Picking Undirected" tests="1" failures="0" time="202.523">
    <testcase name="BASE-PCK-0010 Terminal Outbound Carton Picking Undirected" classname="Features.BASE-PCK-0010 Terminal Outbound Carton Picking Undirected" time="202.523"/>
  </testsuite>
  <testsuite name="BASE-RCV-0070 Terminal Inbound Unload All - Example 1" tests="1" failures="1" time="1.659">
    <testcase name="BASE-RCV-0070 Terminal Inbound Unload All - Example 1" classname="Features.BASE-RCV-0070 Terminal Inbound Unload All - Example 1" time="1.659">
      <failure message="[ERROR] Fail">[ERROR] Fail
After Scenario:  [Fail] - 350 ms
Feature: BASE-RCV-0070 Terminal Inbound Unload All [Fail] - 1659 ms

--- Failure Point (Line 56477) ---
Feature: BASE-RCV-0070 Terminal Inbound Unload All [Fail] - 1659 ms

--- Log Context ---
     56382: Else I increase variable &quot;path_loop&quot; [Start]
     56383: 
     56384: Else I increase variable &quot;path_loop&quot; - Pass - 0 ms
     56385: While I assign 2 ($path_loop) th item from &quot;,&quot; delimited list Custom,Base ($directory_load_path) to variable &quot;directory&quot; [Start]
     56386: 
     56387: While I assign 2 ($path_loop) th item from &quot;,&quot; delimited list Custom,Base ($directory_load_path) to variable &quot;directory&quot; - True - 0 ms
     56388: And I verify text FALSE ($path_done) is equal to &quot;FALSE&quot; [Start]
     56389: 
     56390: And I verify text FALSE ($path_done) is equal to &quot;FALSE&quot; - True - 0 ms
     56391: Given I assign variable &quot;directory_token&quot; by combining &quot;/&quot; Base ($directory) &quot;/&quot; [Start]
     56392: 
     56393: Given I assign variable &quot;directory_token&quot; by combining &quot;/&quot; Base ($directory) &quot;/&quot; - Pass - 0 ms
     56394: Given I replace all &quot;/-/&quot; in Datasets/-/Receiving ($file) with /Base/ ($directory_token) as variable &quot;new_file&quot; [Start]
     56395: 
     56396: Given I replace all &quot;/-/&quot; in Datasets/-/Receiving ($file) with /Base/ ($directory_token) as variable &quot;new_file&quot; - Pass - 0 ms
     56397: Given I replace all &quot;\\\-\\\\&quot; in Datasets/Base/Receiving ($new_file) with /Base/ ($directory_token) as variable &quot;new_file&quot; [Start]
     56398: 
     56399: Given I replace all &quot;\\\-\\\\&quot; in Datasets/Base/Receiving ($new_file) with /Base/ ($directory_token) as variable &quot;new_file&quot; - Pass - 0 ms
     56400: If I verify file Datasets/Base/Receiving ($new_file) exists [Start]
     56401: 
     56402: If I verify file Datasets/Base/Receiving ($new_file) exists - False - 0 ms
     56403: Else I increase variable &quot;path_loop&quot; [Start]
     56404: 
     56405: Else I increase variable &quot;path_loop&quot; - Pass - 0 ms
     56406: While I assign 3 ($path_loop) th item from &quot;,&quot; delimited list Custom,Base ($directory_load_path) to variable &quot;directory&quot; [Start]
     56407: 
     56408: While I assign 3 ($path_loop) th item from &quot;,&quot; delimited list Custom,Base ($directory_load_path) to variable &quot;directory&quot; - False - 0 ms
     56409: Then I &quot;confirm a file was located&quot; [Start]
     56410: 
     56411: Then I &quot;confirm a file was located&quot; - Pass - 0 ms
     56412: If I verify text FALSE ($path_done) is equal to &quot;FALSE&quot; [Start]
     56413: 
     56414: If I verify text FALSE ($path_done) is equal to &quot;FALSE&quot; - True - 0 ms
     56415: Then I assign variable &quot;error_message&quot; by combining &quot;ERROR: File &quot; Datasets/-/Receiving ($file) &quot; not found&quot; [Start]
     56416: 
     56417: Then I assign variable &quot;error_message&quot; by combining &quot;ERROR: File &quot; Datasets/-/Receiving ($file) &quot; not found&quot; - Pass - 0 ms
     56418: And I echo ERROR: File Datasets/-/Receiving not found ($error_message) [Start]
     56419: 
     56420: And I echo ERROR: File Datasets/-/Receiving not found ($error_message) - Pass - 0 ms
     56421: And I unassign variable &quot;new_file&quot; [Start]
     56422: 
     56423: And I unassign variable &quot;new_file&quot; - Pass - 0 ms
     56424: And I &quot;clear the working variables&quot; [Start]
     56425: 
     56426: And I &quot;clear the working variables&quot; - Pass - 0 ms
     56427: Given I unassign variable &quot;file&quot; [Start]
     56428: 
     56429: Given I unassign variable &quot;file&quot; - Pass - 0 ms
     56430: And I unassign variable &quot;directory&quot; [Start]
     56431: 
     56432: And I unassign variable &quot;directory&quot; - Pass - 0 ms
     56433: And I unassign variable &quot;directory_token&quot; [Start]
     56434: 
     56435: And I unassign variable &quot;directory_token&quot; - Pass - 0 ms
     56436: And I unassign variable &quot;path_loop&quot; [Start]
     56437: 
     56438: And I unassign variable &quot;path_loop&quot; - Pass - 0 ms
     56439: And I unassign variable &quot;path_done&quot; [Start]
     56440: 
     56441: And I unassign variable &quot;path_done&quot; - Pass - 0 ms
     56442: Scenario: Locate File on Path [Pass] - 10 ms
     56443: Then I execute scenario &quot;Locate File on Path&quot; [Pass] - 10 ms
     56444: If I verify variable &quot;new_file&quot; is assigned [Start]
     56445: 
     56446: If I verify variable &quot;new_file&quot; is assigned - False - 0 ms
     56447: Else I assign variable &quot;error_message&quot; by combining &quot;ERROR: Could not determine path to MOCA Cleanup Script file: &quot; $file [Start]
     56448: 
     56449: Else I assign variable &quot;error_message&quot; by combining &quot;ERROR: Could not determine path to MOCA Cleanup Script file: &quot; $file - Fail - 0 ms
     56450: [ERROR] Variable file does not exist.
     56451: com.tryonsolutions.cycle2.engine.executionActors.StepSupervisor$.valueFor(StepSupervisor.scala:52)
     56452: com.tryonsolutions.cycle2.engine.executionActors.StepSupervisor.$anonfun$replaceVariables$1(StepSupervisor.scala:233)
     56453: scala.collection.immutable.List.map(List.scala:297)
     56454: com.tryonsolutions.cycle2.engine.executionActors.StepSupervisor.replaceVariables(StepSupervisor.scala:231)
     56455: com.tryonsolutions.cycle2.engine.executionActors.StepSupervisor.$anonfun$run$1(StepSupervisor.scala:170)
     56456: scala.util.Try$.apply(Try.scala:213)
     56457: com.tryonsolutions.cycle2.engine.executionActors.StepSupervisor.run(StepSupervisor.scala:170)
     56458: com.tryonsolutions.cycle2.engine.executionActors.StepSupervisor.executeStep(StepSupervisor.scala:145)
     56459: com.tryonsolutions.cycle2.engine.executionActors.StepSupervisor$$anonfun$receive$1.applyOrElse(StepSupervisor.scala:112)
     56460: akka.actor.Actor.aroundReceive(Actor.scala:537)
     56461: akka.actor.Actor.aroundReceive$(Actor.scala:535)
     56462: com.tryonsolutions.cycle2.engine.executionActors.StepSupervisor.aroundReceive(StepSupervisor.scala:56)
     56463: akka.actor.ActorCell.receiveMessage(ActorCell.scala:579)
     56464: akka.actor.ActorCell.invoke(ActorCell.scala:547)
     56465: akka.dispatch.Mailbox.processMailbox(Mailbox.scala:270)
     56466: akka.dispatch.Mailbox.run(Mailbox.scala:231)
     56467: akka.dispatch.Mailbox.exec(Mailbox.scala:243)
     56468: java.base/java.util.concurrent.ForkJoinTask.doExec(ForkJoinTask.java:387)
     56469: java.base/java.util.concurrent.ForkJoinPool$WorkQueue.topLevelExec(ForkJoinPool.java:1312)
     56470: java.base/java.util.concurrent.ForkJoinPool.scan(ForkJoinPool.java:1843)
     56471: java.base/java.util.concurrent.ForkJoinPool.runWorker(ForkJoinPool.java:1808)
     56472: java.base/java.util.concurrent.ForkJoinWorkerThread.run(ForkJoinWorkerThread.java:188)
     56473: Scenario: Perform MOCA Cleanup Script [Fail] - 14 ms
     56474: And I execute scenario &quot;Perform MOCA Cleanup Script&quot; [Fail] - 15 ms
     56475: [ERROR] Fail
     56476: After Scenario:  [Fail] - 350 ms
&gt;&gt;   56477: Feature: BASE-RCV-0070 Terminal Inbound Unload All [Fail] - 1659 ms
     56478: Feature: BASE-RCV-1100 Web Inbound Putaway [Start]
     56479: Background:  [Start]
     56480: Given I &quot;setup the environment&quot; [Start]
     56481: 
     56482: Given I &quot;setup the environment&quot; - Pass - 0 ms

--- Links ---
View full report: cycle_run_report.html</failure>
      <system-out>[ERROR] Fail
After Scenario:  [Fail] - 350 ms
Feature: BASE-RCV-0070 Terminal Inbound Unload All [Fail] - 1659 ms

--- Failure Point (Line 56477) ---
Feature: BASE-RCV-0070 Terminal Inbound Unload All [Fail] - 1659 ms

--- Log Context ---
     56382: Else I increase variable &quot;path_loop&quot; [Start]
     56383: 
     56384: Else I increase variable &quot;path_loop&quot; - Pass - 0 ms
     56385: While I assign 2 ($path_loop) th item from &quot;,&quot; delimited list Custom,Base ($directory_load_path) to variable &quot;directory&quot; [Start]
     56386: 
     56387: While I assign 2 ($path_loop) th item from &quot;,&quot; delimited list Custom,Base ($directory_load_path) to variable &quot;directory&quot; - True - 0 ms
     56388: And I verify text FALSE ($path_done) is equal to &quot;FALSE&quot; [Start]
     56389: 
     56390: And I verify text FALSE ($path_done) is equal to &quot;FALSE&quot; - True - 0 ms
     56391: Given I assign variable &quot;directory_token&quot; by combining &quot;/&quot; Base ($directory) &quot;/&quot; [Start]
     56392: 
     56393: Given I assign variable &quot;directory_token&quot; by combining &quot;/&quot; Base ($directory) &quot;/&quot; - Pass - 0 ms
     56394: Given I replace all &quot;/-/&quot; in Datasets/-/Receiving ($file) with /Base/ ($directory_token) as variable &quot;new_file&quot; [Start]
     56395: 
     56396: Given I replace all &quot;/-/&quot; in Datasets/-/Receiving ($file) with /Base/ ($directory_token) as variable &quot;new_file&quot; - Pass - 0 ms
     56397: Given I replace all &quot;\\\-\\\\&quot; in Datasets/Base/Receiving ($new_file) with /Base/ ($directory_token) as variable &quot;new_file&quot; [Start]
     56398: 
     56399: Given I replace all &quot;\\\-\\\\&quot; in Datasets/Base/Receiving ($new_file) with /Base/ ($directory_token) as variable &quot;new_file&quot; - Pass - 0 ms
     56400: If I verify file Datasets/Base/Receiving ($new_file) exists [Start]
     56401: 
     56402: If I verify file Datasets/Base/Receiving ($new_file) exists - False - 0 ms
     56403: Else I increase variable &quot;path_loop&quot; [Start]
     56404: 
     56405: Else I increase variable &quot;path_loop&quot; - Pass - 0 ms
     56406: While I assign 3 ($path_loop) th item from &quot;,&quot; delimited list Custom,Base ($directory_load_path) to variable &quot;directory&quot; [Start]
     56407: 
     56408: While I assign 3 ($path_loop) th item from &quot;,&quot; delimited list Custom,Base ($directory_load_path) to variable &quot;directory&quot; - False - 0 ms
     56409: Then I &quot;confirm a file was located&quot; [Start]
     56410: 
     56411: Then I &quot;confirm a file was located&quot; - Pass - 0 ms
     56412: If I verify text FALSE ($path_done) is equal to &quot;FALSE&quot; [Start]
     56413: 
     56414: If I verify text FALSE ($path_done) is equal to &quot;FALSE&quot; - True - 0 ms
     56415: Then I assign variable &quot;error_message&quot; by combining &quot;ERROR: File &quot; Datasets/-/Receiving ($file) &quot; not found&quot; [Start]
     56416: 
     56417: Then I assign variable &quot;error_message&quot; by combining &quot;ERROR: File &quot; Datasets/-/Receiving ($file) &quot; not found&quot; - Pass - 0 ms
     56418: And I echo ERROR: File Datasets/-/Receiving not found ($error_message) [Start]
     56419: 
     56420: And I echo ERROR: File Datasets/-/Receiving not found ($error_message) - Pass - 0 ms
     56421: And I unassign variable &quot;new_file&quot; [Start]
     56422: 
     56423: And I unassign variable &quot;new_file&quot; - Pass - 0 ms
     56424: And I &quot;clear the working variables&quot; [Start]
     56425: 
     56426: And I &quot;clear the working variables&quot; - Pass - 0 ms
     56427: Given I unassign variable &quot;file&quot; [Start]
     56428: 
     56429: Given I unassign variable &quot;file&quot; - Pass - 0 ms
     56430: And I unassign variable &quot;directory&quot; [Start]
     56431: 
     56432: And I unassign variable &quot;directory&quot; - Pass - 0 ms
     56433: And I unassign variable &quot;directory_token&quot; [Start]
     56434: 
     56435: And I unassign variable &quot;directory_token&quot; - Pass - 0 ms
     56436: And I unassign variable &quot;path_loop&quot; [Start]
     56437: 
     56438: And I unassign variable &quot;path_loop&quot; - Pass - 0 ms
     56439: And I unassign variable &quot;path_done&quot; [Start]
     56440: 
     56441: And I unassign variable &quot;path_done&quot; - Pass - 0 ms
     56442: Scenario: Locate File on Path [Pass] - 10 ms
     56443: Then I execute scenario &quot;Locate File on Path&quot; [Pass] - 10 ms
     56444: If I verify variable &quot;new_file&quot; is assigned [Start]
     56445: 
     56446: If I verify variable &quot;new_file&quot; is assigned - False - 0 ms
     56447: Else I assign variable &quot;error_message&quot; by combining &quot;ERROR: Could not determine path to MOCA Cleanup Script file: &quot; $file [Start]
     56448: 
     56449: Else I assign variable &quot;error_message&quot; by combining &quot;ERROR: Could not determine path to MOCA Cleanup Script file: &quot; $file - Fail - 0 ms
     56450: [ERROR] Variable file does not exist.
     56451: com.tryonsolutions.cycle2.engine.executionActors.StepSupervisor$.valueFor(StepSupervisor.scala:52)
     56452: com.tryonsolutions.cycle2.engine.executionActors.StepSupervisor.$anonfun$replaceVariables$1(StepSupervisor.scala:233)
     56453: scala.collection.immutable.List.map(List.scala:297)
     56454: com.tryonsolutions.cycle2.engine.executionActors.StepSupervisor.replaceVariables(StepSupervisor.scala:231)
     56455: com.tryonsolutions.cycle2.engine.executionActors.StepSupervisor.$anonfun$run$1(StepSupervisor.scala:170)
     56456: scala.util.Try$.apply(Try.scala:213)
     56457: com.tryonsolutions.cycle2.engine.executionActors.StepSupervisor.run(StepSupervisor.scala:170)
     56458: com.tryonsolutions.cycle2.engine.executionActors.StepSupervisor.executeStep(StepSupervisor.scala:145)
     56459: com.tryonsolutions.cycle2.engine.executionActors.StepSupervisor$$anonfun$receive$1.applyOrElse(StepSupervisor.scala:112)
     56460: akka.actor.Actor.aroundReceive(Actor.scala:537)
     56461: akka.actor.Actor.aroundReceive$(Actor.scala:535)
     56462: com.tryonsolutions.cycle2.engine.executionActors.StepSupervisor.aroundReceive(StepSupervisor.scala:56)
     56463: akka.actor.ActorCell.receiveMessage(ActorCell.scala:579)
     56464: akka.actor.ActorCell.invoke(ActorCell.scala:547)
     56465: akka.dispatch.Mailbox.processMailbox(Mailbox.scala:270)
     56466: akka.dispatch.Mailbox.run(Mailbox.scala:231)
     56467: akka.dispatch.Mailbox.exec(Mailbox.scala:243)
     56468: java.base/java.util.concurrent.ForkJoinTask.doExec(ForkJoinTask.java:387)
     56469: java.base/java.util.concurrent.ForkJoinPool$WorkQueue.topLevelExec(ForkJoinPool.java:1312)
     56470: java.base/java.util.concurrent.ForkJoinPool.scan(ForkJoinPool.java:1843)
     56471: java.base/java.util.concurrent.ForkJoinPool.runWorker(ForkJoinPool.java:1808)
     56472: java.base/java.util.concurrent.ForkJoinWorkerThread.run(ForkJoinWorkerThread.java:188)
     56473: Scenario: Perform MOCA Cleanup Script [Fail] - 14 ms
     56474: And I execute scenario &quot;Perform MOCA Cleanup Script&quot; [Fail] - 15 ms
     56475: [ERROR] Fail
     56476: After Scenario:  [Fail] - 350 ms
&gt;&gt;   56477: Feature: BASE-RCV-0070 Terminal Inbound Unload All [Fail] - 1659 ms
     56478: Feature: BASE-RCV-1100 Web Inbound Putaway [Start]
     56479: Background:  [Start]
     56480: Given I &quot;setup the environment&quot; [Start]
     56481: 
     56482: Given I &quot;setup the environment&quot; - Pass - 0 ms

--- Links ---
View full report: cycle_run_report.html</system-out>
    </testcase>
  </testsuite>
  <testsuite name="BASE-RCV-1100 Web Inbound Putaway" tests="1" failures="0" time="77.336">
    <testcase name="BASE-RCV-1100 Web Inbound Putaway" classname="Features.BASE-RCV-1100 Web Inbound Putaway" time="77.336"/>
  </testsuite>
  <testsuite name="BASE-SHP-1020 Web Outbound Trailer Dispatch" tests="1" failures="0" time="31.019">
    <testcase name="BASE-SHP-1020 Web Outbound Trailer Dispatch" classname="Features.BASE-SHP-1020 Web Outbound Trailer Dispatch" time="31.019"/>
  </testsuite>
  <testsuite name="BASE-YRD-1020 Web Inbound Trailer Check In" tests="1" failures="0" time="20.574">
    <testcase name="BASE-YRD-1020 Web Inbound Trailer Check In" classname="Features.BASE-YRD-1020 Web Inbound Trailer Check In" time="20.574"/>
  </testsuite>
  <testsuite name="BASE-RCV-4080 Mobile Inbound Directed Putaway from Receiving Override - Example 1" tests="1" failures="1" time="1.795">
    <testcase name="BASE-RCV-4080 Mobile Inbound Directed Putaway from Receiving Override - Example 1" classname="Features.BASE-RCV-4080 Mobile Inbound Directed Putaway from Receiving Override - Example 1" time="1.795">
      <failure message="[ERROR] Fail">[ERROR] Fail
After Scenario:  [Fail] - 350 ms
Feature: BASE-RCV-4080 Mobile Inbound Directed Putaway from Receiving Override [Fail] - 1795 ms

--- Failure Point (Line 77589) ---
Feature: BASE-RCV-4080 Mobile Inbound Directed Putaway from Receiving Override [Fail] - 1795 ms

--- Log Context ---
     77494: Else I increase variable &quot;path_loop&quot; [Start]
     77495: 
     77496: Else I increase variable &quot;path_loop&quot; - Pass - 0 ms
     77497: While I assign 2 ($path_loop) th item from &quot;,&quot; delimited list Custom,Base ($directory_load_path) to variable &quot;directory&quot; [Start]
     77498: 
     77499: While I assign 2 ($path_loop) th item from &quot;,&quot; delimited list Custom,Base ($directory_load_path) to variable &quot;directory&quot; - True - 0 ms
     77500: And I verify text FALSE ($path_done) is equal to &quot;FALSE&quot; [Start]
     77501: 
     77502: And I verify text FALSE ($path_done) is equal to &quot;FALSE&quot; - True - 0 ms
     77503: Given I assign variable &quot;directory_token&quot; by combining &quot;/&quot; Base ($directory) &quot;/&quot; [Start]
     77504: 
     77505: Given I assign variable &quot;directory_token&quot; by combining &quot;/&quot; Base ($directory) &quot;/&quot; - Pass - 0 ms
     77506: Given I replace all &quot;/-/&quot; in Datasets/-/Receiving ($file) with /Base/ ($directory_token) as variable &quot;new_file&quot; [Start]
     77507: 
     77508: Given I replace all &quot;/-/&quot; in Datasets/-/Receiving ($file) with /Base/ ($directory_token) as variable &quot;new_file&quot; - Pass - 0 ms
     77509: Given I replace all &quot;\\\-\\\\&quot; in Datasets/Base/Receiving ($new_file) with /Base/ ($directory_token) as variable &quot;new_file&quot; [Start]
     77510: 
     77511: Given I replace all &quot;\\\-\\\\&quot; in Datasets/Base/Receiving ($new_file) with /Base/ ($directory_token) as variable &quot;new_file&quot; - Pass - 0 ms
     77512: If I verify file Datasets/Base/Receiving ($new_file) exists [Start]
     77513: 
     77514: If I verify file Datasets/Base/Receiving ($new_file) exists - False - 0 ms
     77515: Else I increase variable &quot;path_loop&quot; [Start]
     77516: 
     77517: Else I increase variable &quot;path_loop&quot; - Pass - 0 ms
     77518: While I assign 3 ($path_loop) th item from &quot;,&quot; delimited list Custom,Base ($directory_load_path) to variable &quot;directory&quot; [Start]
     77519: 
     77520: While I assign 3 ($path_loop) th item from &quot;,&quot; delimited list Custom,Base ($directory_load_path) to variable &quot;directory&quot; - False - 0 ms
     77521: Then I &quot;confirm a file was located&quot; [Start]
     77522: 
     77523: Then I &quot;confirm a file was located&quot; - Pass - 0 ms
     77524: If I verify text FALSE ($path_done) is equal to &quot;FALSE&quot; [Start]
     77525: 
     77526: If I verify text FALSE ($path_done) is equal to &quot;FALSE&quot; - True - 0 ms
     77527: Then I assign variable &quot;error_message&quot; by combining &quot;ERROR: File &quot; Datasets/-/Receiving ($file) &quot; not found&quot; [Start]
     77528: 
     77529: Then I assign variable &quot;error_message&quot; by combining &quot;ERROR: File &quot; Datasets/-/Receiving ($file) &quot; not found&quot; - Pass - 0 ms
     77530: And I echo ERROR: File Datasets/-/Receiving not found ($error_message) [Start]
     77531: 
     77532: And I echo ERROR: File Datasets/-/Receiving not found ($error_message) - Pass - 0 ms
     77533: And I unassign variable &quot;new_file&quot; [Start]
     77534: 
     77535: And I unassign variable &quot;new_file&quot; - Pass - 0 ms
     77536: And I &quot;clear the working variables&quot; [Start]
     77537: 
     77538: And I &quot;clear the working variables&quot; - Pass - 0 ms
     77539: Given I unassign variable &quot;file&quot; [Start]
     77540: 
     77541: Given I unassign variable &quot;file&quot; - Pass - 0 ms
     77542: And I unassign variable &quot;directory&quot; [Start]
     77543: 
     77544: And I unassign variable &quot;directory&quot; - Pass - 0 ms
     77545: And I unassign variable &quot;directory_token&quot; [Start]
     77546: 
     77547: And I unassign variable &quot;directory_token&quot; - Pass - 0 ms
     77548: And I unassign variable &quot;path_loop&quot; [Start]
     77549: 
     77550: And I unassign variable &quot;path_loop&quot; - Pass - 0 ms
     77551: And I unassign variable &quot;path_done&quot; [Start]
     77552: 
     77553: And I unassign variable &quot;path_done&quot; - Pass - 0 ms
     77554: Scenario: Locate File on Path [Pass] - 12 ms
     77555: Then I execute scenario &quot;Locate File on Path&quot; [Pass] - 12 ms
     77556: If I verify variable &quot;new_file&quot; is assigned [Start]
     77557: 
     77558: If I verify variable &quot;new_file&quot; is assigned - False - 0 ms
     77559: Else I assign variable &quot;error_message&quot; by combining &quot;ERROR: Could not determine path to MOCA Cleanup Script file: &quot; $file [Start]
     77560: 
     77561: Else I assign variable &quot;error_message&quot; by combining &quot;ERROR: Could not determine path to MOCA Cleanup Script file: &quot; $file - Fail - 0 ms
     77562: [ERROR] Variable file does not exist.
     77563: com.tryonsolutions.cycle2.engine.executionActors.StepSupervisor$.valueFor(StepSupervisor.scala:52)
     77564: com.tryonsolutions.cycle2.engine.executionActors.StepSupervisor.$anonfun$replaceVariables$1(StepSupervisor.scala:233)
     77565: scala.collection.immutable.List.map(List.scala:297)
     77566: com.tryonsolutions.cycle2.engine.executionActors.StepSupervisor.replaceVariables(StepSupervisor.scala:231)
     77567: com.tryonsolutions.cycle2.engine.executionActors.StepSupervisor.$anonfun$run$1(StepSupervisor.scala:170)
     77568: scala.util.Try$.apply(Try.scala:213)
     77569: com.tryonsolutions.cycle2.engine.executionActors.StepSupervisor.run(StepSupervisor.scala:170)
     77570: com.tryonsolutions.cycle2.engine.executionActors.StepSupervisor.executeStep(StepSupervisor.scala:145)
     77571: com.tryonsolutions.cycle2.engine.executionActors.StepSupervisor$$anonfun$receive$1.applyOrElse(StepSupervisor.scala:112)
     77572: akka.actor.Actor.aroundReceive(Actor.scala:537)
     77573: akka.actor.Actor.aroundReceive$(Actor.scala:535)
     77574: com.tryonsolutions.cycle2.engine.executionActors.StepSupervisor.aroundReceive(StepSupervisor.scala:56)
     77575: akka.actor.ActorCell.receiveMessage(ActorCell.scala:579)
     77576: akka.actor.ActorCell.invoke(ActorCell.scala:547)
     77577: akka.dispatch.Mailbox.processMailbox(Mailbox.scala:270)
     77578: akka.dispatch.Mailbox.run(Mailbox.scala:231)
     77579: akka.dispatch.Mailbox.exec(Mailbox.scala:243)
     77580: java.base/java.util.concurrent.ForkJoinTask.doExec(ForkJoinTask.java:387)
     77581: java.base/java.util.concurrent.ForkJoinPool$WorkQueue.topLevelExec(ForkJoinPool.java:1312)
     77582: java.base/java.util.concurrent.ForkJoinPool.scan(ForkJoinPool.java:1843)
     77583: java.base/java.util.concurrent.ForkJoinPool.runWorker(ForkJoinPool.java:1808)
     77584: java.base/java.util.concurrent.ForkJoinWorkerThread.run(ForkJoinWorkerThread.java:188)
     77585: Scenario: Perform MOCA Cleanup Script [Fail] - 17 ms
     77586: And I execute scenario &quot;Perform MOCA Cleanup Script&quot; [Fail] - 17 ms
     77587: [ERROR] Fail
     77588: After Scenario:  [Fail] - 350 ms
&gt;&gt;   77589: Feature: BASE-RCV-4080 Mobile Inbound Directed Putaway from Receiving Override [Fail] - 1795 ms
     77590: Feature: BASE-INV-4140 Mobile Inventory Transfer Multiple LPNs Undirected [Start]
     77591: Background:  [Start]
     77592: Given I &quot;setup the environment&quot; [Start]
     77593: 
     77594: Given I &quot;setup the environment&quot; - Pass - 0 ms

--- Links ---
View full report: cycle_run_report.html</failure>
      <system-out>[ERROR] Fail
After Scenario:  [Fail] - 350 ms
Feature: BASE-RCV-4080 Mobile Inbound Directed Putaway from Receiving Override [Fail] - 1795 ms

--- Failure Point (Line 77589) ---
Feature: BASE-RCV-4080 Mobile Inbound Directed Putaway from Receiving Override [Fail] - 1795 ms

--- Log Context ---
     77494: Else I increase variable &quot;path_loop&quot; [Start]
     77495: 
     77496: Else I increase variable &quot;path_loop&quot; - Pass - 0 ms
     77497: While I assign 2 ($path_loop) th item from &quot;,&quot; delimited list Custom,Base ($directory_load_path) to variable &quot;directory&quot; [Start]
     77498: 
     77499: While I assign 2 ($path_loop) th item from &quot;,&quot; delimited list Custom,Base ($directory_load_path) to variable &quot;directory&quot; - True - 0 ms
     77500: And I verify text FALSE ($path_done) is equal to &quot;FALSE&quot; [Start]
     77501: 
     77502: And I verify text FALSE ($path_done) is equal to &quot;FALSE&quot; - True - 0 ms
     77503: Given I assign variable &quot;directory_token&quot; by combining &quot;/&quot; Base ($directory) &quot;/&quot; [Start]
     77504: 
     77505: Given I assign variable &quot;directory_token&quot; by combining &quot;/&quot; Base ($directory) &quot;/&quot; - Pass - 0 ms
     77506: Given I replace all &quot;/-/&quot; in Datasets/-/Receiving ($file) with /Base/ ($directory_token) as variable &quot;new_file&quot; [Start]
     77507: 
     77508: Given I replace all &quot;/-/&quot; in Datasets/-/Receiving ($file) with /Base/ ($directory_token) as variable &quot;new_file&quot; - Pass - 0 ms
     77509: Given I replace all &quot;\\\-\\\\&quot; in Datasets/Base/Receiving ($new_file) with /Base/ ($directory_token) as variable &quot;new_file&quot; [Start]
     77510: 
     77511: Given I replace all &quot;\\\-\\\\&quot; in Datasets/Base/Receiving ($new_file) with /Base/ ($directory_token) as variable &quot;new_file&quot; - Pass - 0 ms
     77512: If I verify file Datasets/Base/Receiving ($new_file) exists [Start]
     77513: 
     77514: If I verify file Datasets/Base/Receiving ($new_file) exists - False - 0 ms
     77515: Else I increase variable &quot;path_loop&quot; [Start]
     77516: 
     77517: Else I increase variable &quot;path_loop&quot; - Pass - 0 ms
     77518: While I assign 3 ($path_loop) th item from &quot;,&quot; delimited list Custom,Base ($directory_load_path) to variable &quot;directory&quot; [Start]
     77519: 
     77520: While I assign 3 ($path_loop) th item from &quot;,&quot; delimited list Custom,Base ($directory_load_path) to variable &quot;directory&quot; - False - 0 ms
     77521: Then I &quot;confirm a file was located&quot; [Start]
     77522: 
     77523: Then I &quot;confirm a file was located&quot; - Pass - 0 ms
     77524: If I verify text FALSE ($path_done) is equal to &quot;FALSE&quot; [Start]
     77525: 
     77526: If I verify text FALSE ($path_done) is equal to &quot;FALSE&quot; - True - 0 ms
     77527: Then I assign variable &quot;error_message&quot; by combining &quot;ERROR: File &quot; Datasets/-/Receiving ($file) &quot; not found&quot; [Start]
     77528: 
     77529: Then I assign variable &quot;error_message&quot; by combining &quot;ERROR: File &quot; Datasets/-/Receiving ($file) &quot; not found&quot; - Pass - 0 ms
     77530: And I echo ERROR: File Datasets/-/Receiving not found ($error_message) [Start]
     77531: 
     77532: And I echo ERROR: File Datasets/-/Receiving not found ($error_message) - Pass - 0 ms
     77533: And I unassign variable &quot;new_file&quot; [Start]
     77534: 
     77535: And I unassign variable &quot;new_file&quot; - Pass - 0 ms
     77536: And I &quot;clear the working variables&quot; [Start]
     77537: 
     77538: And I &quot;clear the working variables&quot; - Pass - 0 ms
     77539: Given I unassign variable &quot;file&quot; [Start]
     77540: 
     77541: Given I unassign variable &quot;file&quot; - Pass - 0 ms
     77542: And I unassign variable &quot;directory&quot; [Start]
     77543: 
     77544: And I unassign variable &quot;directory&quot; - Pass - 0 ms
     77545: And I unassign variable &quot;directory_token&quot; [Start]
     77546: 
     77547: And I unassign variable &quot;directory_token&quot; - Pass - 0 ms
     77548: And I unassign variable &quot;path_loop&quot; [Start]
     77549: 
     77550: And I unassign variable &quot;path_loop&quot; - Pass - 0 ms
     77551: And I unassign variable &quot;path_done&quot; [Start]
     77552: 
     77553: And I unassign variable &quot;path_done&quot; - Pass - 0 ms
     77554: Scenario: Locate File on Path [Pass] - 12 ms
     77555: Then I execute scenario &quot;Locate File on Path&quot; [Pass] - 12 ms
     77556: If I verify variable &quot;new_file&quot; is assigned [Start]
     77557: 
     77558: If I verify variable &quot;new_file&quot; is assigned - False - 0 ms
     77559: Else I assign variable &quot;error_message&quot; by combining &quot;ERROR: Could not determine path to MOCA Cleanup Script file: &quot; $file [Start]
     77560: 
     77561: Else I assign variable &quot;error_message&quot; by combining &quot;ERROR: Could not determine path to MOCA Cleanup Script file: &quot; $file - Fail - 0 ms
     77562: [ERROR] Variable file does not exist.
     77563: com.tryonsolutions.cycle2.engine.executionActors.StepSupervisor$.valueFor(StepSupervisor.scala:52)
     77564: com.tryonsolutions.cycle2.engine.executionActors.StepSupervisor.$anonfun$replaceVariables$1(StepSupervisor.scala:233)
     77565: scala.collection.immutable.List.map(List.scala:297)
     77566: com.tryonsolutions.cycle2.engine.executionActors.StepSupervisor.replaceVariables(StepSupervisor.scala:231)
     77567: com.tryonsolutions.cycle2.engine.executionActors.StepSupervisor.$anonfun$run$1(StepSupervisor.scala:170)
     77568: scala.util.Try$.apply(Try.scala:213)
     77569: com.tryonsolutions.cycle2.engine.executionActors.StepSupervisor.run(StepSupervisor.scala:170)
     77570: com.tryonsolutions.cycle2.engine.executionActors.StepSupervisor.executeStep(StepSupervisor.scala:145)
     77571: com.tryonsolutions.cycle2.engine.executionActors.StepSupervisor$$anonfun$receive$1.applyOrElse(StepSupervisor.scala:112)
     77572: akka.actor.Actor.aroundReceive(Actor.scala:537)
     77573: akka.actor.Actor.aroundReceive$(Actor.scala:535)
     77574: com.tryonsolutions.cycle2.engine.executionActors.StepSupervisor.aroundReceive(StepSupervisor.scala:56)
     77575: akka.actor.ActorCell.receiveMessage(ActorCell.scala:579)
     77576: akka.actor.ActorCell.invoke(ActorCell.scala:547)
     77577: akka.dispatch.Mailbox.processMailbox(Mailbox.scala:270)
     77578: akka.dispatch.Mailbox.run(Mailbox.scala:231)
     77579: akka.dispatch.Mailbox.exec(Mailbox.scala:243)
     77580: java.base/java.util.concurrent.ForkJoinTask.doExec(ForkJoinTask.java:387)
     77581: java.base/java.util.concurrent.ForkJoinPool$WorkQueue.topLevelExec(ForkJoinPool.java:1312)
     77582: java.base/java.util.concurrent.ForkJoinPool.scan(ForkJoinPool.java:1843)
     77583: java.base/java.util.concurrent.ForkJoinPool.runWorker(ForkJoinPool.java:1808)
     77584: java.base/java.util.concurrent.ForkJoinWorkerThread.run(ForkJoinWorkerThread.java:188)
     77585: Scenario: Perform MOCA Cleanup Script [Fail] - 17 ms
     77586: And I execute scenario &quot;Perform MOCA Cleanup Script&quot; [Fail] - 17 ms
     77587: [ERROR] Fail
     77588: After Scenario:  [Fail] - 350 ms
&gt;&gt;   77589: Feature: BASE-RCV-4080 Mobile Inbound Directed Putaway from Receiving Override [Fail] - 1795 ms
     77590: Feature: BASE-INV-4140 Mobile Inventory Transfer Multiple LPNs Undirected [Start]
     77591: Background:  [Start]
     77592: Given I &quot;setup the environment&quot; [Start]
     77593: 
     77594: Given I &quot;setup the environment&quot; - Pass - 0 ms

--- Links ---
View full report: cycle_run_report.html</system-out>
    </testcase>
  </testsuite>
  <testsuite name="BASE-INV-4140 Mobile Inventory Transfer Multiple LPNs Undirected" tests="1" failures="0" time="59.176">
    <testcase name="BASE-INV-4140 Mobile Inventory Transfer Multiple LPNs Undirected" classname="Features.BASE-INV-4140 Mobile Inventory Transfer Multiple LPNs Undirected" time="59.176"/>
  </testsuite>
  <testsuite name="BASE-SHP-4030 Mobile Unload and Unpick Shipment" tests="1" failures="0" time="129.214">
    <testcase name="BASE-SHP-4030 Mobile Unload and Unpick Shipment" classname="Features.BASE-SHP-4030 Mobile Unload and Unpick Shipment" time="129.214"/>
  </testsuite>
  <testsuite name="BASE-YRD-4010 Mobile Trailer Move" tests="1" failures="0" time="28.415">
    <testcase name="BASE-YRD-4010 Mobile Trailer Move" classname="Features.BASE-YRD-4010 Mobile Trailer Move" time="28.415"/>
  </testsuite>
  <testsuite name="BASE-YRD-4010 Mobile Trailer Move" tests="1" failures="0" time="29.543">
    <testcase name="BASE-YRD-4010 Mobile Trailer Move" classname="Features.BASE-YRD-4010 Mobile Trailer Move" time="29.543"/>
  </testsuite>
</testsuites>
